#
# There is insufficient memory for the Java Runtime Environment to continue.
# Native memory allocation (malloc) failed to allocate 32744 bytes for ChunkPool::allocate
# Possible reasons:
#   The system is out of physical RAM or swap space
#   The process is running with CompressedOops enabled, and the Java Heap may be blocking the growth of the native heap
# Possible solutions:
#   Reduce memory load on the system
#   Increase physical memory or swap space
#   Check if swap backing store is full
#   Decrease Java heap size (-Xmx/-Xms)
#   Decrease number of Java threads
#   Decrease Java thread stack sizes (-Xss)
#   Set larger code cache with -XX:ReservedCodeCacheSize=
#   JVM is running with Unscaled Compressed Oops mode in which the Java heap is
#     placed in the first 4GB address space. The Java Heap base address is the
#     maximum limit for the native heap growth. Please use -XX:HeapBaseMinAddress
#     to set the Java Heap base and to place the Java Heap above 4GB virtual address.
# This output file may be truncated or incomplete.
#
#  Out of Memory Error (allocation.cpp:272), pid=11660, tid=0x0000000000003eb8
#
# JRE version: OpenJDK Runtime Environment (8.0_242-b01) (build 1.8.0_242-release-1644-b01)
# Java VM: OpenJDK 64-Bit Server VM (25.242-b01 mixed mode windows-amd64 compressed oops)
# Failed to write core dump. Minidumps are not enabled by default on client versions of Windows
#

---------------  T H R E A D  ---------------

Current thread (0x0000000017cc6800):  JavaThread "C1 CompilerThread3" daemon [_thread_in_native, id=16056, stack(0x0000000019600000,0x0000000019700000)]

Stack: [0x0000000019600000,0x0000000019700000]
[error occurred during error reporting (printing stack bounds), id 0xc0000005]

Native frames: (J=compiled Java code, j=interpreted, Vv=VM code, C=native code)


Current CompileTask:
C1:  16539 8994 %     3       sun.nio.cs.UTF_8$Decoder::decodeArrayLoop @ 106 (691 bytes)


---------------  P R O C E S S  ---------------

Java Threads: ( => current thread )
  0x000000001e900000 JavaThread "File lock release action executor" [_thread_blocked, id=19380, stack(0x00000000260f0000,0x00000000261f0000)]
  0x000000001e8fd800 JavaThread "Memory manager" [_thread_blocked, id=3512, stack(0x0000000025df0000,0x0000000025ef0000)]
  0x000000001e8ff000 JavaThread "Cache worker for Build Output Cleanup Cache (C:\Users\chris\StudioProjects\Andika-Admin-App\.gradle\buildOutputCleanup)" [_thread_blocked, id=20088, stack(0x00000000235d0000,0x00000000236d0000)]
  0x000000001e8fc000 JavaThread "Build operations Thread 12" [_thread_blocked, id=8112, stack(0x0000000023f20000,0x0000000024020000)]
  0x000000001e8fd000 JavaThread "Build operations Thread 11" [_thread_blocked, id=17660, stack(0x0000000023d20000,0x0000000023e20000)]
  0x000000001e8fe800 JavaThread "Build operations Thread 10" [_thread_blocked, id=4576, stack(0x0000000023c20000,0x0000000023d20000)]
  0x000000001e8f4800 JavaThread "Build operations Thread 9" [_thread_blocked, id=19200, stack(0x0000000023b20000,0x0000000023c20000)]
  0x000000001e8fb800 JavaThread "Build operations Thread 8" [_thread_blocked, id=20824, stack(0x0000000023a20000,0x0000000023b20000)]
  0x000000001e8f7800 JavaThread "Build operations Thread 7" [_thread_blocked, id=17396, stack(0x0000000023920000,0x0000000023a20000)]
  0x000000001e8f3000 JavaThread "Build operations Thread 6" [_thread_blocked, id=19848, stack(0x0000000023820000,0x0000000023920000)]
  0x000000001e8f4000 JavaThread "Build operations Thread 5" [_thread_blocked, id=13700, stack(0x0000000023720000,0x0000000023820000)]
  0x000000001e8fa000 JavaThread "Build operations Thread 4" [_thread_blocked, id=16516, stack(0x0000000023170000,0x0000000023270000)]
  0x000000001e8f7000 JavaThread "Build operations Thread 3" [_thread_blocked, id=1528, stack(0x0000000021e20000,0x0000000021f20000)]
  0x000000001e8f2800 JavaThread "Build operations Thread 2" [_thread_blocked, id=7108, stack(0x0000000021d20000,0x0000000021e20000)]
  0x000000001e8f6000 JavaThread "Build operations" [_thread_blocked, id=20256, stack(0x00000000232d0000,0x00000000233d0000)]
  0x000000001ae82000 JavaThread "Cache worker for execution history cache (C:\Users\chris\.gradle\caches\5.4.1\executionHistory)" [_thread_blocked, id=2572, stack(0x0000000021620000,0x0000000021720000)]
  0x000000001ae81000 JavaThread "Cache worker for cache directory md-rule (C:\Users\chris\.gradle\caches\5.4.1\md-rule)" [_thread_blocked, id=5888, stack(0x000000001fe70000,0x000000001ff70000)]
  0x000000001ae80800 JavaThread "Cache worker for cache directory md-supplier (C:\Users\chris\.gradle\caches\5.4.1\md-supplier)" [_thread_blocked, id=13016, stack(0x000000001f9c0000,0x000000001fac0000)]
  0x000000001ae83800 JavaThread "Cache worker for file hash cache (C:\Users\chris\StudioProjects\Andika-Admin-App\.gradle\5.4.1\fileHashes)" [_thread_blocked, id=18472, stack(0x000000001fd70000,0x000000001fe70000)]
  0x000000001ae82800 JavaThread "Cache worker for journal cache (C:\Users\chris\.gradle\caches\journal-1)" [_thread_blocked, id=16404, stack(0x000000001d520000,0x000000001d620000)]
  0x000000001ae7f800 JavaThread "File lock request listener" [_thread_in_native, id=8632, stack(0x000000001d420000,0x000000001d520000)]
  0x000000001ae8d000 JavaThread "Cache worker for file hash cache (C:\Users\chris\.gradle\caches\5.4.1\fileHashes)" [_thread_blocked, id=20424, stack(0x000000001d320000,0x000000001d420000)]
  0x000000001aac1000 JavaThread "Thread-9" [_thread_blocked, id=1752, stack(0x000000001c250000,0x000000001c350000)]
  0x000000001aac0800 JavaThread "Stdin handler" [_thread_blocked, id=7032, stack(0x000000001c150000,0x000000001c250000)]
  0x000000001aaba000 JavaThread "Asynchronous log dispatcher for DefaultDaemonConnection: socket connection from /127.0.0.1:58037 to /127.0.0.1:58038" [_thread_blocked, id=6340, stack(0x000000001c050000,0x000000001c150000)]
  0x000000001aab0000 JavaThread "Daemon worker" [_thread_in_Java, id=16144, stack(0x000000001bf50000,0x000000001c050000)]
  0x000000001ab54800 JavaThread "Cancel handler" [_thread_blocked, id=15916, stack(0x000000001be50000,0x000000001bf50000)]
  0x000000001ab3e000 JavaThread "Handler for socket connection from /127.0.0.1:58037 to /127.0.0.1:58038" [_thread_in_native, id=12860, stack(0x000000001bb50000,0x000000001bc50000)]
  0x000000001ab39800 JavaThread "Daemon" [_thread_blocked, id=15816, stack(0x000000001ba50000,0x000000001bb50000)]
  0x000000001ab3f800 JavaThread "Daemon periodic checks" [_thread_blocked, id=1352, stack(0x000000001b950000,0x000000001ba50000)]
  0x0000000019aea800 JavaThread "Incoming local TCP Connector on port 58037" [_thread_in_native, id=13316, stack(0x000000001b710000,0x000000001b810000)]
  0x000000001aa15800 JavaThread "Daemon health stats" [_thread_blocked, id=12896, stack(0x000000001b0d0000,0x000000001b1d0000)]
  0x0000000017d4b800 JavaThread "Service Thread" daemon [_thread_blocked, id=4080, stack(0x0000000019700000,0x0000000019800000)]
=>0x0000000017cc6800 JavaThread "C1 CompilerThread3" daemon [_thread_in_native, id=16056, stack(0x0000000019600000,0x0000000019700000)]
  0x0000000017cc2800 JavaThread "C2 CompilerThread2" daemon [_thread_blocked, id=10132, stack(0x0000000019500000,0x0000000019600000)]
  0x0000000017cbd800 JavaThread "C2 CompilerThread1" daemon [_thread_in_native, id=9024, stack(0x0000000019400000,0x0000000019500000)]
  0x0000000017cb4800 JavaThread "C2 CompilerThread0" daemon [_thread_in_native, id=9044, stack(0x0000000019300000,0x0000000019400000)]
  0x0000000017cb1000 JavaThread "Attach Listener" daemon [_thread_blocked, id=18056, stack(0x0000000019200000,0x0000000019300000)]
  0x0000000017cb0000 JavaThread "Signal Dispatcher" daemon [_thread_blocked, id=5140, stack(0x0000000019100000,0x0000000019200000)]
  0x00000000025fa800 JavaThread "Finalizer" daemon [_thread_blocked, id=3004, stack(0x0000000018f00000,0x0000000019000000)]
  0x00000000165bc000 JavaThread "Reference Handler" daemon [_thread_blocked, id=21264, stack(0x0000000018e00000,0x0000000018f00000)]
  0x00000000024fe800 JavaThread "main" [_thread_blocked, id=19056, stack(0x0000000002370000,0x0000000002470000)]

Other Threads:
  0x00000000165b5800 VMThread [stack: 0x0000000018d00000,0x0000000018e00000] [id=11656]
  0x0000000017d4d800 WatcherThread [stack: 0x0000000019800000,0x0000000019900000] [id=14100]

VM state:not at safepoint (normal execution)

VM Mutex/Monitor currently owned by a thread: None

heap address: 0x00000000a0000000, size: 1536 MB, Compressed Oops mode: 32-bit
Narrow klass base: 0x0000000000000000, Narrow klass shift: 3
Compressed class space size: 1073741824 Address: 0x0000000100000000

Heap:
 PSYoungGen      total 207872K, used 197840K [0x00000000e0000000, 0x00000000f0480000, 0x0000000100000000)
  eden space 185344K, 97% used [0x00000000e0000000,0x00000000eb0e9590,0x00000000eb500000)
  from space 22528K, 74% used [0x00000000eb500000,0x00000000ec54abd0,0x00000000ecb00000)
  to   space 23552K, 0% used [0x00000000eed80000,0x00000000eed80000,0x00000000f0480000)
 ParOldGen       total 143872K, used 35477K [0x00000000a0000000, 0x00000000a8c80000, 0x00000000e0000000)
  object space 143872K, 24% used [0x00000000a0000000,0x00000000a22a5458,0x00000000a8c80000)
 Metaspace       used 70531K, capacity 73320K, committed 73472K, reserved 1112064K
  class space    used 9589K, capacity 10151K, committed 10240K, reserved 1048576K

Card table byte_map: [0x00000000119c0000,0x0000000011cd0000] byte_map_base: 0x00000000114c0000

Marking Bits: (ParMarkBitMap*) 0x000000005d74f030
 Begin Bits: [0x00000000128d0000, 0x00000000140d0000)
 End Bits:   [0x00000000140d0000, 0x00000000158d0000)

Polling page: 0x0000000000b70000

CodeCache: size=245760Kb used=25103Kb max_used=25213Kb free=220656Kb
 bounds [0x0000000002600000, 0x0000000003ec0000, 0x0000000011600000]
 total_blobs=8691 nmethods=7857 adapters=747
 compilation: enabled

Compilation events (10 events):
Event: 16.515 Thread 0x0000000017cc2800 nmethod 8983 0x000000000312aa10 code [0x000000000312ab60, 0x000000000312ac58]
Event: 16.516 Thread 0x0000000017cc2800 8987       4       java.util.HashSet::<init> (16 bytes)
Event: 16.516 Thread 0x0000000017cbd800 nmethod 8990 0x0000000002f31d50 code [0x0000000002f31ea0, 0x0000000002f32058]
Event: 16.517 Thread 0x0000000017cc2800 nmethod 8987 0x000000000312ad90 code [0x000000000312aee0, 0x000000000312afd8]
Event: 16.521 Thread 0x0000000017cbd800 8991   !   4       java.net.URL::<init> (543 bytes)
Event: 16.521 Thread 0x0000000017cc6800 8992       3       java.net.URLStreamHandler::sameFile (136 bytes)
Event: 16.522 Thread 0x0000000017cc6800 nmethod 8992 0x0000000002f3ced0 code [0x0000000002f3d0c0, 0x0000000002f3e0c8]
Event: 16.527 Thread 0x0000000017cc2800 8993       4       java.util.Properties$LineReader::readLine (468 bytes)
Event: 16.535 Thread 0x0000000017cc6800 8994 %     3       sun.nio.cs.UTF_8$Decoder::decodeArrayLoop @ 106 (691 bytes)
Event: 16.536 Thread 0x0000000017cc2800 nmethod 8993 0x000000000317e950 code [0x000000000317eac0, 0x000000000317f028]

GC Heap History (10 events):
Event: 8.061 GC heap before
{Heap before GC invocations=10 (full 2):
 PSYoungGen      total 113664K, used 100352K [0x00000000e0000000, 0x00000000ebc80000, 0x0000000100000000)
  eden space 100352K, 100% used [0x00000000e0000000,0x00000000e6200000,0x00000000e6200000)
  from space 13312K, 0% used [0x00000000e6200000,0x00000000e6200000,0x00000000e6f00000)
  to   space 13824K, 0% used [0x00000000eaf00000,0x00000000eaf00000,0x00000000ebc80000)
 ParOldGen       total 96768K, used 18396K [0x00000000a0000000, 0x00000000a5e80000, 0x00000000e0000000)
  object space 96768K, 19% used [0x00000000a0000000,0x00000000a11f71e0,0x00000000a5e80000)
 Metaspace       used 43818K, capacity 45092K, committed 45184K, reserved 1087488K
  class space    used 5946K, capacity 6241K, committed 6272K, reserved 1048576K
Event: 8.071 GC heap after
Heap after GC invocations=10 (full 2):
 PSYoungGen      total 160256K, used 12527K [0x00000000e0000000, 0x00000000ebb80000, 0x0000000100000000)
  eden space 147456K, 0% used [0x00000000e0000000,0x00000000e0000000,0x00000000e9000000)
  from space 12800K, 97% used [0x00000000eaf00000,0x00000000ebb3bd68,0x00000000ebb80000)
  to   space 15360K, 0% used [0x00000000e9d80000,0x00000000e9d80000,0x00000000eac80000)
 ParOldGen       total 96768K, used 18404K [0x00000000a0000000, 0x00000000a5e80000, 0x00000000e0000000)
  object space 96768K, 19% used [0x00000000a0000000,0x00000000a11f91e0,0x00000000a5e80000)
 Metaspace       used 43818K, capacity 45092K, committed 45184K, reserved 1087488K
  class space    used 5946K, capacity 6241K, committed 6272K, reserved 1048576K
}
Event: 10.052 GC heap before
{Heap before GC invocations=11 (full 2):
 PSYoungGen      total 160256K, used 159983K [0x00000000e0000000, 0x00000000ebb80000, 0x0000000100000000)
  eden space 147456K, 100% used [0x00000000e0000000,0x00000000e9000000,0x00000000e9000000)
  from space 12800K, 97% used [0x00000000eaf00000,0x00000000ebb3bd68,0x00000000ebb80000)
  to   space 15360K, 0% used [0x00000000e9d80000,0x00000000e9d80000,0x00000000eac80000)
 ParOldGen       total 96768K, used 18404K [0x00000000a0000000, 0x00000000a5e80000, 0x00000000e0000000)
  object space 96768K, 19% used [0x00000000a0000000,0x00000000a11f91e0,0x00000000a5e80000)
 Metaspace       used 53452K, capacity 55154K, committed 55296K, reserved 1097728K
  class space    used 7186K, capacity 7617K, committed 7680K, reserved 1048576K
Event: 10.070 GC heap after
Heap after GC invocations=11 (full 2):
 PSYoungGen      total 176640K, used 15330K [0x00000000e0000000, 0x00000000ede80000, 0x0000000100000000)
  eden space 161280K, 0% used [0x00000000e0000000,0x00000000e0000000,0x00000000e9d80000)
  from space 15360K, 99% used [0x00000000e9d80000,0x00000000eac78bc8,0x00000000eac80000)
  to   space 19968K, 0% used [0x00000000ecb00000,0x00000000ecb00000,0x00000000ede80000)
 ParOldGen       total 96768K, used 25555K [0x00000000a0000000, 0x00000000a5e80000, 0x00000000e0000000)
  object space 96768K, 26% used [0x00000000a0000000,0x00000000a18f4ca8,0x00000000a5e80000)
 Metaspace       used 53452K, capacity 55154K, committed 55296K, reserved 1097728K
  class space    used 7186K, capacity 7617K, committed 7680K, reserved 1048576K
}
Event: 11.170 GC heap before
{Heap before GC invocations=12 (full 2):
 PSYoungGen      total 176640K, used 72618K [0x00000000e0000000, 0x00000000ede80000, 0x0000000100000000)
  eden space 161280K, 35% used [0x00000000e0000000,0x00000000e37f1df0,0x00000000e9d80000)
  from space 15360K, 99% used [0x00000000e9d80000,0x00000000eac78bc8,0x00000000eac80000)
  to   space 19968K, 0% used [0x00000000ecb00000,0x00000000ecb00000,0x00000000ede80000)
 ParOldGen       total 96768K, used 25555K [0x00000000a0000000, 0x00000000a5e80000, 0x00000000e0000000)
  object space 96768K, 26% used [0x00000000a0000000,0x00000000a18f4ca8,0x00000000a5e80000)
 Metaspace       used 57147K, capacity 59038K, committed 59136K, reserved 1099776K
  class space    used 7705K, capacity 8152K, committed 8192K, reserved 1048576K
Event: 11.183 GC heap after
Heap after GC invocations=12 (full 2):
 PSYoungGen      total 205312K, used 19967K [0x00000000e0000000, 0x00000000ef580000, 0x0000000100000000)
  eden space 185344K, 0% used [0x00000000e0000000,0x00000000e0000000,0x00000000eb500000)
  from space 19968K, 99% used [0x00000000ecb00000,0x00000000ede7fc98,0x00000000ede80000)
  to   space 22528K, 0% used [0x00000000eb500000,0x00000000eb500000,0x00000000ecb00000)
 ParOldGen       total 96768K, used 25937K [0x00000000a0000000, 0x00000000a5e80000, 0x00000000e0000000)
  object space 96768K, 26% used [0x00000000a0000000,0x00000000a19544a0,0x00000000a5e80000)
 Metaspace       used 57147K, capacity 59038K, committed 59136K, reserved 1099776K
  class space    used 7705K, capacity 8152K, committed 8192K, reserved 1048576K
}
Event: 11.183 GC heap before
{Heap before GC invocations=13 (full 3):
 PSYoungGen      total 205312K, used 19967K [0x00000000e0000000, 0x00000000ef580000, 0x0000000100000000)
  eden space 185344K, 0% used [0x00000000e0000000,0x00000000e0000000,0x00000000eb500000)
  from space 19968K, 99% used [0x00000000ecb00000,0x00000000ede7fc98,0x00000000ede80000)
  to   space 22528K, 0% used [0x00000000eb500000,0x00000000eb500000,0x00000000ecb00000)
 ParOldGen       total 96768K, used 25937K [0x00000000a0000000, 0x00000000a5e80000, 0x00000000e0000000)
  object space 96768K, 26% used [0x00000000a0000000,0x00000000a19544a0,0x00000000a5e80000)
 Metaspace       used 57147K, capacity 59038K, committed 59136K, reserved 1099776K
  class space    used 7705K, capacity 8152K, committed 8192K, reserved 1048576K
Event: 11.399 GC heap after
Heap after GC invocations=13 (full 3):
 PSYoungGen      total 205312K, used 0K [0x00000000e0000000, 0x00000000ef580000, 0x0000000100000000)
  eden space 185344K, 0% used [0x00000000e0000000,0x00000000e0000000,0x00000000eb500000)
  from space 19968K, 0% used [0x00000000ecb00000,0x00000000ecb00000,0x00000000ede80000)
  to   space 22528K, 0% used [0x00000000eb500000,0x00000000eb500000,0x00000000ecb00000)
 ParOldGen       total 143872K, used 35469K [0x00000000a0000000, 0x00000000a8c80000, 0x00000000e0000000)
  object space 143872K, 24% used [0x00000000a0000000,0x00000000a22a3458,0x00000000a8c80000)
 Metaspace       used 57097K, capacity 58870K, committed 59136K, reserved 1099776K
  class space    used 7690K, capacity 8124K, committed 8192K, reserved 1048576K
}
Event: 14.739 GC heap before
{Heap before GC invocations=14 (full 3):
 PSYoungGen      total 205312K, used 185344K [0x00000000e0000000, 0x00000000ef580000, 0x0000000100000000)
  eden space 185344K, 100% used [0x00000000e0000000,0x00000000eb500000,0x00000000eb500000)
  from space 19968K, 0% used [0x00000000ecb00000,0x00000000ecb00000,0x00000000ede80000)
  to   space 22528K, 0% used [0x00000000eb500000,0x00000000eb500000,0x00000000ecb00000)
 ParOldGen       total 143872K, used 35469K [0x00000000a0000000, 0x00000000a8c80000, 0x00000000e0000000)
  object space 143872K, 24% used [0x00000000a0000000,0x00000000a22a3458,0x00000000a8c80000)
 Metaspace       used 64819K, capacity 67440K, committed 67456K, reserved 1107968K
  class space    used 8809K, capacity 9339K, committed 9344K, reserved 1048576K
Event: 14.763 GC heap after
Heap after GC invocations=14 (full 3):
 PSYoungGen      total 207872K, used 16682K [0x00000000e0000000, 0x00000000f0480000, 0x0000000100000000)
  eden space 185344K, 0% used [0x00000000e0000000,0x00000000e0000000,0x00000000eb500000)
  from space 22528K, 74% used [0x00000000eb500000,0x00000000ec54abd0,0x00000000ecb00000)
  to   space 23552K, 0% used [0x00000000eed80000,0x00000000eed80000,0x00000000f0480000)
 ParOldGen       total 143872K, used 35477K [0x00000000a0000000, 0x00000000a8c80000, 0x00000000e0000000)
  object space 143872K, 24% used [0x00000000a0000000,0x00000000a22a5458,0x00000000a8c80000)
 Metaspace       used 64819K, capacity 67440K, committed 67456K, reserved 1107968K
  class space    used 8809K, capacity 9339K, committed 9344K, reserved 1048576K
}

Deoptimization events (10 events):
Event: 16.462 Thread 0x000000001aab0000 Uncommon trap: reason=unstable_if action=reinterpret pc=0x0000000003bb33b4 method=java.io.BufferedInputStream.fill()V @ 9
Event: 16.491 Thread 0x000000001aab0000 Uncommon trap: reason=class_check action=maybe_recompile pc=0x0000000003e3830c method=java.util.Collections$UnmodifiableCollection.contains(Ljava/lang/Object;)Z @ 5
Event: 16.491 Thread 0x000000001aab0000 Uncommon trap: reason=class_check action=maybe_recompile pc=0x0000000003e3830c method=java.util.Collections$UnmodifiableCollection.contains(Ljava/lang/Object;)Z @ 5
Event: 16.491 Thread 0x000000001aab0000 Uncommon trap: reason=class_check action=maybe_recompile pc=0x0000000003e3830c method=java.util.Collections$UnmodifiableCollection.contains(Ljava/lang/Object;)Z @ 5
Event: 16.491 Thread 0x000000001aab0000 Uncommon trap: reason=class_check action=maybe_recompile pc=0x0000000003e3830c method=java.util.Collections$UnmodifiableCollection.contains(Ljava/lang/Object;)Z @ 5
Event: 16.496 Thread 0x000000001aab0000 Uncommon trap: reason=unstable_if action=reinterpret pc=0x00000000029b2fb0 method=java.lang.String.regionMatches(ZILjava/lang/String;II)Z @ 123
Event: 16.501 Thread 0x000000001aab0000 Uncommon trap: reason=unstable_if action=reinterpret pc=0x00000000035057c0 method=sun.net.util.IPAddressUtil.scan(Ljava/lang/String;JJ[C)I @ 14
Event: 16.534 Thread 0x000000001aab0000 Uncommon trap: reason=unstable_if action=reinterpret pc=0x0000000002882eb4 method=sun.nio.cs.UTF_8$Decoder.decodeArrayLoop(Ljava/nio/ByteBuffer;Ljava/nio/CharBuffer;)Ljava/nio/charset/CoderResult; @ 84
Event: 16.536 Thread 0x000000001aab0000 Uncommon trap: reason=unstable_if action=reinterpret pc=0x0000000003702178 method=java.io.BufferedReader.readLine(Z)Ljava/lang/String; @ 192
Event: 16.537 Thread 0x000000001aab0000 Uncommon trap: reason=unstable_if action=reinterpret pc=0x0000000002b31db4 method=sun.nio.cs.UTF_8$Decoder.decodeArrayLoop(Ljava/nio/ByteBuffer;Ljava/nio/CharBuffer;)Ljava/nio/charset/CoderResult; @ 84

Classes redefined (0 events):
No events

Internal exceptions (10 events):
Event: 14.035 Thread 0x000000001aab0000 Exception <a 'java/lang/ClassNotFoundException': org/gradle/plugins/ide/idea/model/IdeaModuleCustomizer> (0x00000000e7e14ce8) thrown at [C:\src\AOSP-openjdk-git\hotspot\src\share\vm\classfile\systemDictionary.cpp, line 210]
Event: 14.037 Thread 0x000000001aab0000 Exception <a 'java/lang/ClassNotFoundException': org/gradle/plugins/ide/idea/model/IdeaModule_DecoratedCustomizer> (0x00000000e7eb38e0) thrown at [C:\src\AOSP-openjdk-git\hotspot\src\share\vm\classfile\systemDictionary.cpp, line 210]
Event: 14.046 Thread 0x000000001aab0000 Exception <a 'java/lang/NoSuchMethodError': <clinit>> (0x00000000e8037da0) thrown at [C:\src\AOSP-openjdk-git\hotspot\src\share\vm\prims\jni.cpp, line 1615]
Event: 14.052 Thread 0x000000001aab0000 Exception <a 'java/lang/NoSuchMethodError': <clinit>> (0x00000000e8083720) thrown at [C:\src\AOSP-openjdk-git\hotspot\src\share\vm\prims\jni.cpp, line 1615]
Event: 14.055 Thread 0x000000001aab0000 Exception <a 'java/lang/NoSuchMethodError': <clinit>> (0x00000000e80a5108) thrown at [C:\src\AOSP-openjdk-git\hotspot\src\share\vm\prims\jni.cpp, line 1615]
Event: 14.060 Thread 0x000000001aab0000 Exception <a 'java/lang/NoSuchMethodError': <clinit>> (0x00000000e815cb58) thrown at [C:\src\AOSP-openjdk-git\hotspot\src\share\vm\prims\jni.cpp, line 1615]
Event: 15.357 Thread 0x000000001aab0000 Exception <a 'java/lang/ClassNotFoundException': com/sun/org/glassfish/hk2/osgiresourcelocator/ServiceLoader> (0x00000000e51b6680) thrown at [C:\src\AOSP-openjdk-git\hotspot\src\share\vm\classfile\systemDictionary.cpp, line 210]
Event: 15.436 Thread 0x000000001aab0000 Exception <a 'java/lang/NullPointerException'> (0x00000000e57bca30) thrown at [C:\src\AOSP-openjdk-git\hotspot\src\share\vm\interpreter\linkResolver.cpp, line 1287]
Event: 16.249 Thread 0x000000001aab0000 Implicit null exception at 0x00000000029610e5 to 0x00000000029611f1
Event: 16.406 Thread 0x000000001aab0000 Implicit null exception at 0x0000000002fcbd62 to 0x0000000002fcc2a1

Events (10 events):
Event: 16.535 Thread 0x000000001aab0000 DEOPT PACKING pc=0x0000000002882eb4 sp=0x000000001c044d90
Event: 16.535 Thread 0x000000001aab0000 DEOPT UNPACKING pc=0x000000000264557b sp=0x000000001c044d08 mode 2
Event: 16.535 Thread 0x000000001aab0000 Uncommon trap: trap_request=0xffffff65 fr.pc=0x0000000003702178
Event: 16.535 Executing VM operation: RevokeBias
Event: 16.536 Executing VM operation: RevokeBias done
Event: 16.536 Thread 0x000000001aab0000 DEOPT PACKING pc=0x0000000003702178 sp=0x000000001c0451d0
Event: 16.536 Thread 0x000000001aab0000 DEOPT UNPACKING pc=0x000000000264557b sp=0x000000001c0451d0 mode 2
Event: 16.537 Thread 0x000000001aab0000 Uncommon trap: trap_request=0xffffff65 fr.pc=0x0000000002b31db4
Event: 16.537 Thread 0x000000001aab0000 DEOPT PACKING pc=0x0000000002b31db4 sp=0x000000001c044da0
Event: 16.537 Thread 0x000000001aab0000 DEOPT UNPACKING pc=0x000000000264557b sp=0x000000001c044d28 mode 2


Dynamic libraries:
0x00007ff7fb770000 - 0x00007ff7fb7a1000 	C:\Program Files\Android\Android Studio\jre\bin\java.exe
0x00007ffce2f30000 - 0x00007ffce3125000 	C:\Windows\SYSTEM32\ntdll.dll
0x00007ffce2d40000 - 0x00007ffce2dfd000 	C:\Windows\System32\KERNEL32.DLL
0x00007ffce0670000 - 0x00007ffce0938000 	C:\Windows\System32\KERNELBASE.dll
0x00007ffce2c90000 - 0x00007ffce2d3c000 	C:\Windows\System32\ADVAPI32.dll
0x00007ffce2a80000 - 0x00007ffce2b1e000 	C:\Windows\System32\msvcrt.dll
0x00007ffce2bc0000 - 0x00007ffce2c5b000 	C:\Windows\System32\sechost.dll
0x00007ffce1590000 - 0x00007ffce16bb000 	C:\Windows\System32\RPCRT4.dll
0x00007ffce13f0000 - 0x00007ffce1590000 	C:\Windows\System32\USER32.dll
0x00007ffce0940000 - 0x00007ffce0962000 	C:\Windows\System32\win32u.dll
0x00007ffce2c60000 - 0x00007ffce2c8a000 	C:\Windows\System32\GDI32.dll
0x00007ffce0ba0000 - 0x00007ffce0cab000 	C:\Windows\System32\gdi32full.dll
0x00007ffce0970000 - 0x00007ffce0a0d000 	C:\Windows\System32\msvcp_win.dll
0x00007ffce0e10000 - 0x00007ffce0f10000 	C:\Windows\System32\ucrtbase.dll
0x00007ffcd0200000 - 0x00007ffcd049a000 	C:\Windows\WinSxS\amd64_microsoft.windows.common-controls_6595b64144ccf1df_6.0.19041.1052_none_60b8f8fd71f5e8cb\COMCTL32.dll
0x00007ffce2ec0000 - 0x00007ffce2ef0000 	C:\Windows\System32\IMM32.DLL
0x000000005c430000 - 0x000000005c502000 	C:\Program Files\Android\Android Studio\jre\jre\bin\msvcr100.dll
0x000000005cf80000 - 0x000000005d7cb000 	C:\Program Files\Android\Android Studio\jre\jre\bin\server\jvm.dll
0x00007ffce2420000 - 0x00007ffce2428000 	C:\Windows\System32\PSAPI.DLL
0x00007ffcd1690000 - 0x00007ffcd1699000 	C:\Windows\SYSTEM32\WSOCK32.dll
0x00007ffcda9b0000 - 0x00007ffcda9ba000 	C:\Windows\SYSTEM32\VERSION.dll
0x00007ffce2610000 - 0x00007ffce267b000 	C:\Windows\System32\WS2_32.dll
0x00007ffcd5da0000 - 0x00007ffcd5dc7000 	C:\Windows\SYSTEM32\WINMM.dll
0x00007ffccfa60000 - 0x00007ffccfa6f000 	C:\Program Files\Android\Android Studio\jre\jre\bin\verify.dll
0x00007ffccf050000 - 0x00007ffccf079000 	C:\Program Files\Android\Android Studio\jre\jre\bin\java.dll
0x00007ffccf030000 - 0x00007ffccf046000 	C:\Program Files\Android\Android Studio\jre\jre\bin\zip.dll
0x00007ffce16c0000 - 0x00007ffce1dff000 	C:\Windows\System32\SHELL32.dll
0x00007ffcde4d0000 - 0x00007ffcdec60000 	C:\Windows\SYSTEM32\windows.storage.dll
0x00007ffce1000000 - 0x00007ffce1355000 	C:\Windows\System32\combase.dll
0x00007ffce00e0000 - 0x00007ffce010c000 	C:\Windows\SYSTEM32\Wldp.dll
0x00007ffce2680000 - 0x00007ffce272e000 	C:\Windows\System32\SHCORE.dll
0x00007ffce2e00000 - 0x00007ffce2e55000 	C:\Windows\System32\shlwapi.dll
0x00007ffce05b0000 - 0x00007ffce05cf000 	C:\Windows\SYSTEM32\profapi.dll
0x00007ffccf010000 - 0x00007ffccf02a000 	C:\Program Files\Android\Android Studio\jre\jre\bin\net.dll
0x00007ffcdfe50000 - 0x00007ffcdfeba000 	C:\Windows\system32\mswsock.dll
0x00007ffcceff0000 - 0x00007ffccf003000 	C:\Program Files\Android\Android Studio\jre\jre\bin\nio.dll
0x00007ffccef60000 - 0x00007ffccef86000 	C:\Users\chris\.gradle\native\29\windows-amd64\native-platform.dll
0x00007ffccefe0000 - 0x00007ffccefed000 	C:\Program Files\Android\Android Studio\jre\jre\bin\management.dll
0x00007ffce0020000 - 0x00007ffce0038000 	C:\Windows\SYSTEM32\CRYPTSP.dll
0x00007ffcdf780000 - 0x00007ffcdf7b4000 	C:\Windows\system32\rsaenh.dll
0x00007ffce0a10000 - 0x00007ffce0a37000 	C:\Windows\System32\bcrypt.dll
0x00007ffce0570000 - 0x00007ffce059e000 	C:\Windows\SYSTEM32\USERENV.dll
0x00007ffce0f10000 - 0x00007ffce0f93000 	C:\Windows\System32\bcryptprimitives.dll
0x00007ffce0040000 - 0x00007ffce004c000 	C:\Windows\SYSTEM32\CRYPTBASE.dll
0x00007ffcdfaf0000 - 0x00007ffcdfb2b000 	C:\Windows\SYSTEM32\IPHLPAPI.DLL
0x00007ffce2730000 - 0x00007ffce2738000 	C:\Windows\System32\NSI.dll
0x00007ffcda8e0000 - 0x00007ffcda8f7000 	C:\Windows\SYSTEM32\dhcpcsvc6.DLL
0x00007ffcda7b0000 - 0x00007ffcda7cd000 	C:\Windows\SYSTEM32\dhcpcsvc.DLL
0x00007ffcdfb30000 - 0x00007ffcdfbfc000 	C:\Windows\SYSTEM32\DNSAPI.dll
0x00007ffcceb40000 - 0x00007ffcceb64000 	C:\Program Files\Android\Android Studio\jre\jre\bin\sunec.dll

VM Arguments:
jvm_args: -Xmx1536m -Dfile.encoding=windows-1252 -Duser.country=ID -Duser.language=en -Duser.variant 
java_command: org.gradle.launcher.daemon.bootstrap.GradleDaemon 5.4.1
java_class_path (initial): C:\Users\chris\.gradle\wrapper\dists\gradle-5.4.1-all\3221gyojl5jsh0helicew7rwx\gradle-5.4.1\lib\gradle-launcher-5.4.1.jar
Launcher Type: SUN_STANDARD

Environment Variables:
PATH=C:\Program Files\Microsoft MPI\Bin\;C:\oraclexe\app\oracle\product\11.2.0\server\bin;C:\Program Files (x86)\Common Files\Oracle\Java\javapath;C:\Program Files (x86)\Common Files\Intel\Shared Libraries\redist\intel64\compiler;C:\Windows\system32;C:\Windows;C:\Windows\System32\Wbem;C:\Windows\System32\WindowsPowerShell\v1.0\;C:\Windows\System32\OpenSSH\;C:\Program Files\Git\cmd;C:\Users\chris\AppData\Local\Packages\PythonSoftwareFoundation.Python.3.9_qbz5n2kfra8p0\LocalCache\local-packages\Python39\Scripts;C:\Program Files (x86)\mingw-w64\i686-8.1.0-posix-dwarf-rt_v6-rev0\mingw32\bin;C:\Program Files\Microsoft MPI\Bin;C:\Program Files (x86)\GnuWin32\bin;C:\Users\chris\AppData\Local\Microsoft\WindowsApps;C:\Users\chris\AppData\Local\Programs\MiKTeX\miktex\bin\x64\;
USERNAME=chris
OS=Windows_NT
PROCESSOR_IDENTIFIER=Intel64 Family 6 Model 158 Stepping 10, GenuineIntel



---------------  S Y S T E M  ---------------

OS: Windows 10.0 , 64 bit Build 19041 (10.0.19041.1023)

CPU:total 12 (initial active 12) (6 cores per cpu, 2 threads per core) family 6 model 158 stepping 10, cmov, cx8, fxsr, mmx, sse, sse2, sse3, ssse3, sse4.1, sse4.2, popcnt, avx, avx2, aes, clmul, erms, 3dnowpref, lzcnt, ht, tsc, tscinvbit, bmi1, bmi2, adx

Memory: 4k page, physical 8240472k(547124k free), swap 33406296k(5128k free)

vm_info: OpenJDK 64-Bit Server VM (25.242-b01) for windows-amd64 JRE (1.8.0_242-release-1644-b01), built by "builder" with MS VC++ 10.0 (VS2010)

time: Thu Jun 17 00:20:23 2021
timezone: SE Asia Standard Time
elapsed time: 16 seconds (0d 0h 0m 16s)

